# JRE version: Java(TM) SE Runtime Environment (8.0_25-b18) (build 1.8.0_25-b18)
# Java VM: Java HotSpot(TM) 64-Bit Server VM (25.25-b02 mixed mode windows-amd64 compressed oops)
Heap:
 PSYoungGen      total 400384K, used 327680K [0x000000076ab00000, 0x0000000788400000, 0x00000007c0000000)
  eden space 327680K, 100% used [0x000000076ab00000,0x000000077eb00000,0x000000077eb00000)
  from space 72704K, 0% used [0x000000077eb00000,0x000000077eb00000,0x0000000783200000)
  to   space 53248K, 0% used [0x0000000783200000,0x0000000783200000,0x0000000786600000)
 ParOldGen       total 246272K, used 245989K [0x00000006c0000000, 0x000000076ab00000, 0x000000076ab00000)
  object space 246272K, 99% used [0x00000006c0000000,0x00000006cf039418,0x00000006cf080000)
 Metaspace       used 6777K, capacity 7384K, committed 7680K, reserved 1056768K
  class space    used 635K, capacity 656K, committed 768K, reserved 1048576K
GC Heap History (10 events):
Event: 32308.963 GC heap after
Heap after GC invocations=33189 (full 33176):
 PSYoungGen      total 400384K, used 327679K [0x000000076ab00000, 0x0000000788400000, 0x00000007c0000000)
  eden space 327680K, 99% used [0x000000076ab00000,0x000000077eaffff0,0x000000077eb00000)
  from space 72704K, 0% used [0x000000077eb00000,0x000000077eb00000,0x0000000783200000)
  to   space 53248K, 0% used [0x0000000783200000,0x0000000783200000,0x0000000786600000)
 ParOldGen       total 246272K, used 245981K [0x00000006c0000000, 0x00000006cf080000, 0x000000076ab00000)
  object space 246272K, 99% used [0x00000006c0000000,0x00000006cf037650,0x00000006cf080000)
 Metaspace       used 6777K, capacity 7384K, committed 7680K, reserved 1056768K
  class space    used 635K, capacity 656K, committed 768K, reserved 1048576K
}
Event: 32308.963 GC heap before
{Heap before GC invocations=33190 (full 33177):
 PSYoungGen      total 400384K, used 327680K [0x000000076ab00000, 0x0000000788400000, 0x00000007c0000000)
  eden space 327680K, 100% used [0x000000076ab00000,0x000000077eb00000,0x000000077eb00000)
  from space 72704K, 0% used [0x000000077eb00000,0x000000077eb00000,0x0000000783200000)
  to   space 53248K, 0% used [0x0000000783200000,0x0000000783200000,0x0000000786600000)
 ParOldGen       total 246272K, used 245983K [0x00000006c0000000, 0x00000006cf080000, 0x000000076ab00000)
  object space 246272K, 99% used [0x00000006c0000000,0x00000006cf037ca8,0x00000006cf080000)
 Metaspace       used 6777K, capacity 7384K, committed 7680K, reserved 1056768K
  class space    used 635K, capacity 656K, committed 768K, reserved 1048576K
Event: 32309.937 GC heap after
Heap after GC invocations=33190 (full 33177):
 PSYoungGen      total 400384K, used 327680K [0x000000076ab00000, 0x0000000788400000, 0x00000007c0000000)
  eden space 327680K, 100% used [0x000000076ab00000,0x000000077eb00000,0x000000077eb00000)
  from space 72704K, 0% used [0x000000077eb00000,0x000000077eb00000,0x0000000783200000)
  to   space 53248K, 0% used [0x0000000783200000,0x0000000783200000,0x0000000786600000)
 ParOldGen       total 246272K, used 245983K [0x00000006c0000000, 0x00000006cf080000, 0x000000076ab00000)
  object space 246272K, 99% used [0x00000006c0000000,0x00000006cf037ca8,0x00000006cf080000)
 Metaspace       used 6777K, capacity 7384K, committed 7680K, reserved 1056768K
  class space    used 635K, capacity 656K, committed 768K, reserved 1048576K
}
Event: 32309.938 GC heap before
{Heap before GC invocations=33191 (full 33178):
 PSYoungGen      total 400384K, used 327680K [0x000000076ab00000, 0x0000000788400000, 0x00000007c0000000)
  eden space 327680K, 100% used [0x000000076ab00000,0x000000077eb00000,0x000000077eb00000)
  from space 72704K, 0% used [0x000000077eb00000,0x000000077eb00000,0x0000000783200000)
  to   space 53248K, 0% used [0x0000000783200000,0x0000000783200000,0x0000000786600000)
 ParOldGen       total 246272K, used 245984K [0x00000006c0000000, 0x00000006cf080000, 0x000000076ab00000)
  object space 246272K, 99% used [0x00000006c0000000,0x00000006cf0383d0,0x00000006cf080000)
 Metaspace       used 6777K, capacity 7384K, committed 7680K, reserved 1056768K
  class space    used 635K, capacity 656K, committed 768K, reserved 1048576K
Event: 32310.947 GC heap after
Heap after GC invocations=33191 (full 33178):
 PSYoungGen      total 400384K, used 327680K [0x000000076ab00000, 0x0000000788400000, 0x00000007c0000000)
  eden space 327680K, 100% used [0x000000076ab00000,0x000000077eb00000,0x000000077eb00000)
  from space 72704K, 0% used [0x000000077eb00000,0x000000077eb00000,0x0000000783200000)
  to   space 53248K, 0% used [0x0000000783200000,0x0000000783200000,0x0000000786600000)
 ParOldGen       total 246272K, used 245984K [0x00000006c0000000, 0x00000006cf080000, 0x000000076ab00000)
  object space 246272K, 99% used [0x00000006c0000000,0x00000006cf0383d0,0x00000006cf080000)
 Metaspace       used 6777K, capacity 7384K, committed 7680K, reserved 1056768K
  class space    used 635K, capacity 656K, committed 768K, reserved 1048576K
}
Event: 32310.947 GC heap before
{Heap before GC invocations=33192 (full 33179):
 PSYoungGen      total 400384K, used 327680K [0x000000076ab00000, 0x0000000788400000, 0x00000007c0000000)
  eden space 327680K, 100% used [0x000000076ab00000,0x000000077eb00000,0x000000077eb00000)
  from space 72704K, 0% used [0x000000077eb00000,0x000000077eb00000,0x0000000783200000)
  to   space 53248K, 0% used [0x0000000783200000,0x0000000783200000,0x0000000786600000)
 ParOldGen       total 246272K, used 245986K [0x00000006c0000000, 0x00000006cf080000, 0x000000076ab00000)
  object space 246272K, 99% used [0x00000006c0000000,0x00000006cf038bf0,0x00000006cf080000)
 Metaspace       used 6777K, capacity 7384K, committed 7680K, reserved 1056768K
  class space    used 635K, capacity 656K, committed 768K, reserved 1048576K
Event: 32311.942 GC heap after
Heap after GC invocations=33192 (full 33179):
 PSYoungGen      total 400384K, used 327680K [0x000000076ab00000, 0x0000000788400000, 0x00000007c0000000)
  eden space 327680K, 100% used [0x000000076ab00000,0x000000077eb00000,0x000000077eb00000)
  from space 72704K, 0% used [0x000000077eb00000,0x000000077eb00000,0x0000000783200000)
  to   space 53248K, 0% used [0x0000000783200000,0x0000000783200000,0x0000000786600000)
 ParOldGen       total 246272K, used 245986K [0x00000006c0000000, 0x00000006cf080000, 0x000000076ab00000)
  object space 246272K, 99% used [0x00000006c0000000,0x00000006cf038870,0x00000006cf080000)
 Metaspace       used 6777K, capacity 7384K, committed 7680K, reserved 1056768K
  class space    used 635K, capacity 656K, committed 768K, reserved 1048576K
}
Event: 32311.942 GC heap before
{Heap before GC invocations=33193 (full 33180):
 PSYoungGen      total 400384K, used 327680K [0x000000076ab00000, 0x0000000788400000, 0x00000007c0000000)
  eden space 327680K, 100% used [0x000000076ab00000,0x000000077eb00000,0x000000077eb00000)
  from space 72704K, 0% used [0x000000077eb00000,0x000000077eb00000,0x0000000783200000)
  to   space 53248K, 0% used [0x0000000783200000,0x0000000783200000,0x0000000786600000)
 ParOldGen       total 246272K, used 245987K [0x00000006c0000000, 0x00000006cf080000, 0x000000076ab00000)
  object space 246272K, 99% used [0x00000006c0000000,0x00000006cf038f48,0x00000006cf080000)
 Metaspace       used 6777K, capacity 7384K, committed 7680K, reserved 1056768K
  class space    used 635K, capacity 656K, committed 768K, reserved 1048576K
Event: 32312.950 GC heap after
Heap after GC invocations=33193 (full 33180):
 PSYoungGen      total 400384K, used 327680K [0x000000076ab00000, 0x0000000788400000, 0x00000007c0000000)
  eden space 327680K, 100% used [0x000000076ab00000,0x000000077eb00000,0x000000077eb00000)
  from space 72704K, 0% used [0x000000077eb00000,0x000000077eb00000,0x0000000783200000)
  to   space 53248K, 0% used [0x0000000783200000,0x0000000783200000,0x0000000786600000)
 ParOldGen       total 246272K, used 245987K [0x00000006c0000000, 0x00000006cf080000, 0x000000076ab00000)
  object space 246272K, 99% used [0x00000006c0000000,0x00000006cf038e00,0x00000006cf080000)
 Metaspace       used 6777K, capacity 7384K, committed 7680K, reserved 1056768K
  class space    used 635K, capacity 656K, committed 768K, reserved 1048576K
}
Event: 32312.950 GC heap before
{Heap before GC invocations=33194 (full 33181):
 PSYoungGen      total 400384K, used 327680K [0x000000076ab00000, 0x0000000788400000, 0x00000007c0000000)
  eden space 327680K, 100% used [0x000000076ab00000,0x000000077eb00000,0x000000077eb00000)
  from space 72704K, 0% used [0x000000077eb00000,0x000000077eb00000,0x0000000783200000)
  to   space 53248K, 0% used [0x0000000783200000,0x0000000783200000,0x0000000786600000)
 ParOldGen       total 246272K, used 245989K [0x00000006c0000000, 0x00000006cf080000, 0x000000076ab00000)
  object space 246272K, 99% used [0x00000006c0000000,0x00000006cf039418,0x00000006cf080000)
 Metaspace       used 6777K, capacity 7384K, committed 7680K, reserved 1056768K
  class space    used 635K, capacity 656K, committed 768K, reserved 1048576K

